{"numTotalTestSuites":19,"numPassedTestSuites":19,"numFailedTestSuites":0,"numPendingTestSuites":0,"numTotalTests":53,"numPassedTests":53,"numFailedTests":0,"numPendingTests":0,"numTodoTests":0,"snapshot":{"added":0,"failure":false,"filesAdded":0,"filesRemoved":0,"filesRemovedList":[],"filesUnmatched":0,"filesUpdated":0,"matched":0,"total":0,"unchecked":0,"uncheckedKeysByFile":[],"unmatched":0,"updated":0,"didUpdate":false},"startTime":1778115718424,"success":true,"testResults":[{"assertionResults":[{"ancestorTitles":["getAllowedReadDirs"],"fullName":"getAllowedReadDirs 包含 documents / downloads / desktop / temp","status":"passed","title":"包含 documents / downloads / desktop / temp","duration":1.699200000000019,"failureMessages":[],"meta":{}},{"ancestorTitles":["getAllowedWriteDirs"],"fullName":"getAllowedWriteDirs 包含 MBE Desktop 子目录","status":"passed","title":"包含 MBE Desktop 子目录","duration":0.3813999999999851,"failureMessages":[],"meta":{}},{"ancestorTitles":["getAllowedWriteDirs"],"fullName":"getAllowedWriteDirs 不包含 temp 以外的系统目录","status":"passed","title":"不包含 temp 以外的系统目录","duration":0.31739999999990687,"failureMessages":[],"meta":{}},{"ancestorTitles":["isPathAllowed"],"fullName":"isPathAllowed 直接匹配允许目录返回 true","status":"passed","title":"直接匹配允许目录返回 true","duration":0.1371999999998934,"failureMessages":[],"meta":{}},{"ancestorTitles":["isPathAllowed"],"fullName":"isPathAllowed 子路径返回 true","status":"passed","title":"子路径返回 true","duration":0.08750000000009095,"failureMessages":[],"meta":{}},{"ancestorTitles":["isPathAllowed"],"fullName":"isPathAllowed 路径穿越（../）被拒绝","status":"passed","title":"路径穿越（../）被拒绝","duration":0.1068000000000211,"failureMessages":[],"meta":{}},{"ancestorTitles":["isPathAllowed"],"fullName":"isPathAllowed 完全不同的目录被拒绝","status":"passed","title":"完全不同的目录被拒绝","duration":0.08650000000000091,"failureMessages":[],"meta":{}},{"ancestorTitles":["isPathAllowed"],"fullName":"isPathAllowed 相似前缀但非子目录被拒绝（防 prefix 伪造）","status":"passed","title":"相似前缀但非子目录被拒绝（防 prefix 伪造）","duration":0.11549999999999727,"failureMessages":[],"meta":{}},{"ancestorTitles":["isReadPathAllowed"],"fullName":"isReadPathAllowed documents 子路径允许读取","status":"passed","title":"documents 子路径允许读取","duration":0.19299999999998363,"failureMessages":[],"meta":{}},{"ancestorTitles":["isReadPathAllowed"],"fullName":"isReadPathAllowed 系统目录被拒绝","status":"passed","title":"系统目录被拒绝","duration":0.19459999999992306,"failureMessages":[],"meta":{}},{"ancestorTitles":["isWritePathAllowed"],"fullName":"isWritePathAllowed MBE Desktop 子目录允许写入","status":"passed","title":"MBE Desktop 子目录允许写入","duration":0.11549999999999727,"failureMessages":[],"meta":{}},{"ancestorTitles":["isWritePathAllowed"],"fullName":"isWritePathAllowed downloads 允许写入","status":"passed","title":"downloads 允许写入","duration":0.08249999999998181,"failureMessages":[],"meta":{}},{"ancestorTitles":["isWritePathAllowed"],"fullName":"isWritePathAllowed 系统目录禁止写入","status":"passed","title":"系统目录禁止写入","duration":0.06509999999991578,"failureMessages":[],"meta":{}},{"ancestorTitles":["isSafeUrl"],"fullName":"isSafeUrl https URL 安全","status":"passed","title":"https URL 安全","duration":0.1793999999999869,"failureMessages":[],"meta":{}},{"ancestorTitles":["isSafeUrl"],"fullName":"isSafeUrl http URL 安全","status":"passed","title":"http URL 安全","duration":0.13810000000000855,"failureMessages":[],"meta":{}},{"ancestorTitles":["isSafeUrl"],"fullName":"isSafeUrl file:// 不安全","status":"passed","title":"file:// 不安全","duration":0.08510000000001128,"failureMessages":[],"meta":{}},{"ancestorTitles":["isSafeUrl"],"fullName":"isSafeUrl javascript: 不安全","status":"passed","title":"javascript: 不安全","duration":0.08019999999999072,"failureMessages":[],"meta":{}},{"ancestorTitles":["isSafeUrl"],"fullName":"isSafeUrl 超长 URL 拒绝","status":"passed","title":"超长 URL 拒绝","duration":0.08519999999998618,"failureMessages":[],"meta":{}},{"ancestorTitles":["isSafeUrl"],"fullName":"isSafeUrl 空字符串拒绝","status":"passed","title":"空字符串拒绝","duration":0.12149999999996908,"failureMessages":[],"meta":{}},{"ancestorTitles":["ipcRateLimit"],"fullName":"ipcRateLimit 窗口内请求未超限时返回 true","status":"passed","title":"窗口内请求未超限时返回 true","duration":1.2427000000000135,"failureMessages":[],"meta":{}},{"ancestorTitles":["ipcRateLimit"],"fullName":"ipcRateLimit 超过最大次数返回 false","status":"passed","title":"超过最大次数返回 false","duration":0.18889999999998963,"failureMessages":[],"meta":{}},{"ancestorTitles":["ipcRateLimit"],"fullName":"ipcRateLimit 窗口过期后重置计数","status":"passed","title":"窗口过期后重置计数","duration":0.523900000000026,"failureMessages":[],"meta":{}}],"startTime":1778115719073,"endTime":1778115719079.524,"status":"passed","message":"","name":"D:/Mises/mbe-desktop/src/main/safe-path.test.ts"},{"assertionResults":[{"ancestorTitles":["getDeviceId"],"fullName":"getDeviceId 首次调用生成新 ID，以 desktop_ 开头","status":"passed","title":"首次调用生成新 ID，以 desktop_ 开头","duration":0.9291000000000622,"failureMessages":[],"meta":{}},{"ancestorTitles":["getDeviceId"],"fullName":"getDeviceId 二次调用返回相同 ID（持久化）","status":"passed","title":"二次调用返回相同 ID（持久化）","duration":0.29690000000005057,"failureMessages":[],"meta":{}},{"ancestorTitles":["getDeviceId"],"fullName":"getDeviceId ID 长度合理（10-60 字符）","status":"passed","title":"ID 长度合理（10-60 字符）","duration":0.17669999999998254,"failureMessages":[],"meta":{}},{"ancestorTitles":["authHeaders"],"fullName":"authHeaders 包含 Content-Type 和 X-Device-ID","status":"passed","title":"包含 Content-Type 和 X-Device-ID","duration":0.21889999999996235,"failureMessages":[],"meta":{}},{"ancestorTitles":["authHeaders"],"fullName":"authHeaders 未登录时不包含 Authorization","status":"passed","title":"未登录时不包含 Authorization","duration":0.15670000000000073,"failureMessages":[],"meta":{}},{"ancestorTitles":["authHeaders"],"fullName":"authHeaders 支持 extra headers 合并","status":"passed","title":"支持 extra headers 合并","duration":0.16060000000004493,"failureMessages":[],"meta":{}},{"ancestorTitles":["authHeaders"],"fullName":"authHeaders 已登录时 authHeaders 返回值结构合法","status":"passed","title":"已登录时 authHeaders 返回值结构合法","duration":0.2644000000000233,"failureMessages":[],"meta":{}}],"startTime":1778115719086,"endTime":1778115719088.2644,"status":"passed","message":"","name":"D:/Mises/mbe-desktop/src/renderer/lib/api-client.test.ts"},{"assertionResults":[{"ancestorTitles":["getSolution"],"fullName":"getSolution 返回已知方案","status":"passed","title":"返回已知方案","duration":1.1777999999999338,"failureMessages":[],"meta":{}},{"ancestorTitles":["getSolution"],"fullName":"getSolution 未知 ID 返回 undefined","status":"passed","title":"未知 ID 返回 undefined","duration":0.17989999999997508,"failureMessages":[],"meta":{}},{"ancestorTitles":["getAvailableSolutions"],"fullName":"getAvailableSolutions 返回本地注册表中 status=available 的方案","status":"passed","title":"返回本地注册表中 status=available 的方案","duration":0.7189999999999372,"failureMessages":[],"meta":{}},{"ancestorTitles":["getAvailableSolutions"],"fullName":"getAvailableSolutions 排除 coming_soon 方案","status":"passed","title":"排除 coming_soon 方案","duration":0.12259999999992033,"failureMessages":[],"meta":{}},{"ancestorTitles":["getDefaultAgent"],"fullName":"getDefaultAgent 返回方案第一个 Agent","status":"passed","title":"返回方案第一个 Agent","duration":0.11379999999996926,"failureMessages":[],"meta":{}},{"ancestorTitles":["getEffectiveStatus — 离线模式（未同步）"],"fullName":"getEffectiveStatus — 离线模式（未同步） 未同步时回退本地注册表状态","status":"passed","title":"未同步时回退本地注册表状态","duration":0.20280000000002474,"failureMessages":[],"meta":{}},{"ancestorTitles":["getEffectiveStatus — 离线模式（未同步）"],"fullName":"getEffectiveStatus — 离线模式（未同步） 未知方案返回 available（兜底）","status":"passed","title":"未知方案返回 available（兜底）","duration":0.08230000000003201,"failureMessages":[],"meta":{}},{"ancestorTitles":["resetSolutionStatuses"],"fullName":"resetSolutionStatuses 重置后 isStatusSynced 返回 false","status":"passed","title":"重置后 isStatusSynced 返回 false","duration":0.10279999999988831,"failureMessages":[],"meta":{}}],"startTime":1778115719035,"endTime":1778115719038.203,"status":"passed","message":"","name":"D:/Mises/mbe-desktop/src/renderer/lib/solution-router.test.ts"},{"assertionResults":[{"ancestorTitles":["parseMbeLink"],"fullName":"parseMbeLink 解析 workflow 链接","status":"passed","title":"解析 workflow 链接","duration":1.205699999999979,"failureMessages":[],"meta":{}},{"ancestorTitles":["parseMbeLink"],"fullName":"parseMbeLink 解析 tab 链接","status":"passed","title":"解析 tab 链接","duration":0.5742000000000189,"failureMessages":[],"meta":{}},{"ancestorTitles":["parseMbeLink"],"fullName":"parseMbeLink 解析 scenario 链接","status":"passed","title":"解析 scenario 链接","duration":0.32179999999993925,"failureMessages":[],"meta":{}},{"ancestorTitles":["parseMbeLink"],"fullName":"parseMbeLink 解析 calc 链接","status":"passed","title":"解析 calc 链接","duration":0.2725000000000364,"failureMessages":[],"meta":{}},{"ancestorTitles":["parseMbeLink"],"fullName":"parseMbeLink 解析带连字符的 tab ID","status":"passed","title":"解析带连字符的 tab ID","duration":0.46670000000017353,"failureMessages":[],"meta":{}},{"ancestorTitles":["parseMbeLink"],"fullName":"parseMbeLink 解析带多级路径的 workflow ID","status":"passed","title":"解析带多级路径的 workflow ID","duration":0.3424999999999727,"failureMessages":[],"meta":{}},{"ancestorTitles":["parseMbeLink"],"fullName":"parseMbeLink 普通 HTTP 链接返回 null","status":"passed","title":"普通 HTTP 链接返回 null","duration":0.24319999999988795,"failureMessages":[],"meta":{}},{"ancestorTitles":["parseMbeLink"],"fullName":"parseMbeLink 普通 HTTPS 链接返回 null","status":"passed","title":"普通 HTTPS 链接返回 null","duration":0.19419999999990978,"failureMessages":[],"meta":{}},{"ancestorTitles":["parseMbeLink"],"fullName":"parseMbeLink mailto 链接返回 null","status":"passed","title":"mailto 链接返回 null","duration":0.375,"failureMessages":[],"meta":{}},{"ancestorTitles":["parseMbeLink"],"fullName":"parseMbeLink 空字符串返回 null","status":"passed","title":"空字符串返回 null","duration":0.10339999999996508,"failureMessages":[],"meta":{}},{"ancestorTitles":["parseMbeLink"],"fullName":"parseMbeLink 未知协议类型返回 null","status":"passed","title":"未知协议类型返回 null","duration":0.07149999999978718,"failureMessages":[],"meta":{}},{"ancestorTitles":["parseMbeLink"],"fullName":"parseMbeLink 缺少 ID 返回 null","status":"passed","title":"缺少 ID 返回 null","duration":0.055899999999837746,"failureMessages":[],"meta":{}},{"ancestorTitles":["parseMbeLink"],"fullName":"parseMbeLink 缺少斜杠返回 null","status":"passed","title":"缺少斜杠返回 null","duration":0.05149999999980537,"failureMessages":[],"meta":{}},{"ancestorTitles":["parseMbeLink"],"fullName":"parseMbeLink 仅 mbe:// 前缀返回 null","status":"passed","title":"仅 mbe:// 前缀返回 null","duration":0.059700000000020736,"failureMessages":[],"meta":{}},{"ancestorTitles":["parseMbeLink"],"fullName":"parseMbeLink 大小写敏感（protocol 必须小写）","status":"passed","title":"大小写敏感（protocol 必须小写）","duration":0.06739999999990687,"failureMessages":[],"meta":{}},{"ancestorTitles":["parseMbeLink"],"fullName":"parseMbeLink mbe:// 前缀是精确匹配","status":"passed","title":"mbe:// 前缀是精确匹配","duration":0.07629999999994652,"failureMessages":[],"meta":{}}],"startTime":1778115719800,"endTime":1778115719805.0764,"status":"passed","message":"","name":"D:/Mises/mbe-desktop/src/renderer/components/chat/WorkflowActionLink.test.ts"}]}