{"numTotalTestSuites":19,"numPassedTestSuites":19,"numFailedTestSuites":0,"numPendingTestSuites":0,"numTotalTests":53,"numPassedTests":53,"numFailedTests":0,"numPendingTests":0,"numTodoTests":0,"snapshot":{"added":0,"failure":false,"filesAdded":0,"filesRemoved":0,"filesRemovedList":[],"filesUnmatched":0,"filesUpdated":0,"matched":0,"total":0,"unchecked":0,"uncheckedKeysByFile":[],"unmatched":0,"updated":0,"didUpdate":false},"startTime":1778114759772,"success":true,"testResults":[{"assertionResults":[{"ancestorTitles":["getAllowedReadDirs"],"fullName":"getAllowedReadDirs 包含 documents / downloads / desktop / temp","status":"passed","title":"包含 documents / downloads / desktop / temp","duration":1.4764999999999873,"failureMessages":[],"meta":{}},{"ancestorTitles":["getAllowedWriteDirs"],"fullName":"getAllowedWriteDirs 包含 MBE Desktop 子目录","status":"passed","title":"包含 MBE Desktop 子目录","duration":0.3506999999999607,"failureMessages":[],"meta":{}},{"ancestorTitles":["getAllowedWriteDirs"],"fullName":"getAllowedWriteDirs 不包含 temp 以外的系统目录","status":"passed","title":"不包含 temp 以外的系统目录","duration":0.29529999999999745,"failureMessages":[],"meta":{}},{"ancestorTitles":["isPathAllowed"],"fullName":"isPathAllowed 直接匹配允许目录返回 true","status":"passed","title":"直接匹配允许目录返回 true","duration":0.1411000000000513,"failureMessages":[],"meta":{}},{"ancestorTitles":["isPathAllowed"],"fullName":"isPathAllowed 子路径返回 true","status":"passed","title":"子路径返回 true","duration":0.08550000000002456,"failureMessages":[],"meta":{}},{"ancestorTitles":["isPathAllowed"],"fullName":"isPathAllowed 路径穿越（../）被拒绝","status":"passed","title":"路径穿越（../）被拒绝","duration":0.1250999999999749,"failureMessages":[],"meta":{}},{"ancestorTitles":["isPathAllowed"],"fullName":"isPathAllowed 完全不同的目录被拒绝","status":"passed","title":"完全不同的目录被拒绝","duration":0.10020000000008622,"failureMessages":[],"meta":{}},{"ancestorTitles":["isPathAllowed"],"fullName":"isPathAllowed 相似前缀但非子目录被拒绝（防 prefix 伪造）","status":"passed","title":"相似前缀但非子目录被拒绝（防 prefix 伪造）","duration":0.10180000000002565,"failureMessages":[],"meta":{}},{"ancestorTitles":["isReadPathAllowed"],"fullName":"isReadPathAllowed documents 子路径允许读取","status":"passed","title":"documents 子路径允许读取","duration":0.18039999999996326,"failureMessages":[],"meta":{}},{"ancestorTitles":["isReadPathAllowed"],"fullName":"isReadPathAllowed 系统目录被拒绝","status":"passed","title":"系统目录被拒绝","duration":0.17179999999996198,"failureMessages":[],"meta":{}},{"ancestorTitles":["isWritePathAllowed"],"fullName":"isWritePathAllowed MBE Desktop 子目录允许写入","status":"passed","title":"MBE Desktop 子目录允许写入","duration":0.1409999999999627,"failureMessages":[],"meta":{}},{"ancestorTitles":["isWritePathAllowed"],"fullName":"isWritePathAllowed downloads 允许写入","status":"passed","title":"downloads 允许写入","duration":0.07729999999992287,"failureMessages":[],"meta":{}},{"ancestorTitles":["isWritePathAllowed"],"fullName":"isWritePathAllowed 系统目录禁止写入","status":"passed","title":"系统目录禁止写入","duration":0.06779999999992015,"failureMessages":[],"meta":{}},{"ancestorTitles":["isSafeUrl"],"fullName":"isSafeUrl https URL 安全","status":"passed","title":"https URL 安全","duration":0.10990000000003874,"failureMessages":[],"meta":{}},{"ancestorTitles":["isSafeUrl"],"fullName":"isSafeUrl http URL 安全","status":"passed","title":"http URL 安全","duration":0.059000000000082764,"failureMessages":[],"meta":{}},{"ancestorTitles":["isSafeUrl"],"fullName":"isSafeUrl file:// 不安全","status":"passed","title":"file:// 不安全","duration":0.052099999999995816,"failureMessages":[],"meta":{}},{"ancestorTitles":["isSafeUrl"],"fullName":"isSafeUrl javascript: 不安全","status":"passed","title":"javascript: 不安全","duration":0.05099999999993088,"failureMessages":[],"meta":{}},{"ancestorTitles":["isSafeUrl"],"fullName":"isSafeUrl 超长 URL 拒绝","status":"passed","title":"超长 URL 拒绝","duration":0.052099999999995816,"failureMessages":[],"meta":{}},{"ancestorTitles":["isSafeUrl"],"fullName":"isSafeUrl 空字符串拒绝","status":"passed","title":"空字符串拒绝","duration":0.07830000000001291,"failureMessages":[],"meta":{}},{"ancestorTitles":["ipcRateLimit"],"fullName":"ipcRateLimit 窗口内请求未超限时返回 true","status":"passed","title":"窗口内请求未超限时返回 true","duration":0.9263999999999442,"failureMessages":[],"meta":{}},{"ancestorTitles":["ipcRateLimit"],"fullName":"ipcRateLimit 超过最大次数返回 false","status":"passed","title":"超过最大次数返回 false","duration":0.09550000000001546,"failureMessages":[],"meta":{}},{"ancestorTitles":["ipcRateLimit"],"fullName":"ipcRateLimit 窗口过期后重置计数","status":"passed","title":"窗口过期后重置计数","duration":0.31159999999999854,"failureMessages":[],"meta":{}}],"startTime":1778114760376,"endTime":1778114760381.3115,"status":"passed","message":"","name":"D:/Mises/mbe-desktop/src/main/safe-path.test.ts"},{"assertionResults":[{"ancestorTitles":["getDeviceId"],"fullName":"getDeviceId 首次调用生成新 ID，以 desktop_ 开头","status":"passed","title":"首次调用生成新 ID，以 desktop_ 开头","duration":1.0164000000000897,"failureMessages":[],"meta":{}},{"ancestorTitles":["getDeviceId"],"fullName":"getDeviceId 二次调用返回相同 ID（持久化）","status":"passed","title":"二次调用返回相同 ID（持久化）","duration":0.35370000000000346,"failureMessages":[],"meta":{}},{"ancestorTitles":["getDeviceId"],"fullName":"getDeviceId ID 长度合理（10-60 字符）","status":"passed","title":"ID 长度合理（10-60 字符）","duration":0.1772000000000844,"failureMessages":[],"meta":{}},{"ancestorTitles":["authHeaders"],"fullName":"authHeaders 包含 Content-Type 和 X-Device-ID","status":"passed","title":"包含 Content-Type 和 X-Device-ID","duration":0.30199999999990723,"failureMessages":[],"meta":{}},{"ancestorTitles":["authHeaders"],"fullName":"authHeaders 未登录时不包含 Authorization","status":"passed","title":"未登录时不包含 Authorization","duration":0.2660999999999376,"failureMessages":[],"meta":{}},{"ancestorTitles":["authHeaders"],"fullName":"authHeaders 支持 extra headers 合并","status":"passed","title":"支持 extra headers 合并","duration":0.2948999999999842,"failureMessages":[],"meta":{}},{"ancestorTitles":["authHeaders"],"fullName":"authHeaders 已登录时 authHeaders 返回值结构合法","status":"passed","title":"已登录时 authHeaders 返回值结构合法","duration":0.3242000000000189,"failureMessages":[],"meta":{}}],"startTime":1778114760357,"endTime":1778114760360.3242,"status":"passed","message":"","name":"D:/Mises/mbe-desktop/src/renderer/lib/api-client.test.ts"},{"assertionResults":[{"ancestorTitles":["getSolution"],"fullName":"getSolution 返回已知方案","status":"passed","title":"返回已知方案","duration":1.1112999999999147,"failureMessages":[],"meta":{}},{"ancestorTitles":["getSolution"],"fullName":"getSolution 未知 ID 返回 undefined","status":"passed","title":"未知 ID 返回 undefined","duration":0.19119999999998072,"failureMessages":[],"meta":{}},{"ancestorTitles":["getAvailableSolutions"],"fullName":"getAvailableSolutions 返回本地注册表中 status=available 的方案","status":"passed","title":"返回本地注册表中 status=available 的方案","duration":0.761000000000081,"failureMessages":[],"meta":{}},{"ancestorTitles":["getAvailableSolutions"],"fullName":"getAvailableSolutions 排除 coming_soon 方案","status":"passed","title":"排除 coming_soon 方案","duration":0.11360000000001946,"failureMessages":[],"meta":{}},{"ancestorTitles":["getDefaultAgent"],"fullName":"getDefaultAgent 返回方案第一个 Agent","status":"passed","title":"返回方案第一个 Agent","duration":0.10900000000003729,"failureMessages":[],"meta":{}},{"ancestorTitles":["getEffectiveStatus — 离线模式（未同步）"],"fullName":"getEffectiveStatus — 离线模式（未同步） 未同步时回退本地注册表状态","status":"passed","title":"未同步时回退本地注册表状态","duration":0.20729999999991833,"failureMessages":[],"meta":{}},{"ancestorTitles":["getEffectiveStatus — 离线模式（未同步）"],"fullName":"getEffectiveStatus — 离线模式（未同步） 未知方案返回 available（兜底）","status":"passed","title":"未知方案返回 available（兜底）","duration":0.09510000000000218,"failureMessages":[],"meta":{}},{"ancestorTitles":["resetSolutionStatuses"],"fullName":"resetSolutionStatuses 重置后 isStatusSynced 返回 false","status":"passed","title":"重置后 isStatusSynced 返回 false","duration":0.10220000000003893,"failureMessages":[],"meta":{}}],"startTime":1778114760399,"endTime":1778114760402.2073,"status":"passed","message":"","name":"D:/Mises/mbe-desktop/src/renderer/lib/solution-router.test.ts"},{"assertionResults":[{"ancestorTitles":["parseMbeLink"],"fullName":"parseMbeLink 解析 workflow 链接","status":"passed","title":"解析 workflow 链接","duration":1.1580000000001291,"failureMessages":[],"meta":{}},{"ancestorTitles":["parseMbeLink"],"fullName":"parseMbeLink 解析 tab 链接","status":"passed","title":"解析 tab 链接","duration":0.1916999999998552,"failureMessages":[],"meta":{}},{"ancestorTitles":["parseMbeLink"],"fullName":"parseMbeLink 解析 scenario 链接","status":"passed","title":"解析 scenario 链接","duration":0.1230000000000473,"failureMessages":[],"meta":{}},{"ancestorTitles":["parseMbeLink"],"fullName":"parseMbeLink 解析 calc 链接","status":"passed","title":"解析 calc 链接","duration":0.0966000000000804,"failureMessages":[],"meta":{}},{"ancestorTitles":["parseMbeLink"],"fullName":"parseMbeLink 解析带连字符的 tab ID","status":"passed","title":"解析带连字符的 tab ID","duration":0.1615999999999076,"failureMessages":[],"meta":{}},{"ancestorTitles":["parseMbeLink"],"fullName":"parseMbeLink 解析带多级路径的 workflow ID","status":"passed","title":"解析带多级路径的 workflow ID","duration":0.10999999999989996,"failureMessages":[],"meta":{}},{"ancestorTitles":["parseMbeLink"],"fullName":"parseMbeLink 普通 HTTP 链接返回 null","status":"passed","title":"普通 HTTP 链接返回 null","duration":0.08500000000003638,"failureMessages":[],"meta":{}},{"ancestorTitles":["parseMbeLink"],"fullName":"parseMbeLink 普通 HTTPS 链接返回 null","status":"passed","title":"普通 HTTPS 链接返回 null","duration":0.05309999999985848,"failureMessages":[],"meta":{}},{"ancestorTitles":["parseMbeLink"],"fullName":"parseMbeLink mailto 链接返回 null","status":"passed","title":"mailto 链接返回 null","duration":0.18960000000015498,"failureMessages":[],"meta":{}},{"ancestorTitles":["parseMbeLink"],"fullName":"parseMbeLink 空字符串返回 null","status":"passed","title":"空字符串返回 null","duration":0.09530000000017935,"failureMessages":[],"meta":{}},{"ancestorTitles":["parseMbeLink"],"fullName":"parseMbeLink 未知协议类型返回 null","status":"passed","title":"未知协议类型返回 null","duration":0.06610000000000582,"failureMessages":[],"meta":{}},{"ancestorTitles":["parseMbeLink"],"fullName":"parseMbeLink 缺少 ID 返回 null","status":"passed","title":"缺少 ID 返回 null","duration":0.06819999999993342,"failureMessages":[],"meta":{}},{"ancestorTitles":["parseMbeLink"],"fullName":"parseMbeLink 缺少斜杠返回 null","status":"passed","title":"缺少斜杠返回 null","duration":0.05470000000013897,"failureMessages":[],"meta":{}},{"ancestorTitles":["parseMbeLink"],"fullName":"parseMbeLink 仅 mbe:// 前缀返回 null","status":"passed","title":"仅 mbe:// 前缀返回 null","duration":0.06079999999997199,"failureMessages":[],"meta":{}},{"ancestorTitles":["parseMbeLink"],"fullName":"parseMbeLink 大小写敏感（protocol 必须小写）","status":"passed","title":"大小写敏感（protocol 必须小写）","duration":0.07019999999988613,"failureMessages":[],"meta":{}},{"ancestorTitles":["parseMbeLink"],"fullName":"parseMbeLink mbe:// 前缀是精确匹配","status":"passed","title":"mbe:// 前缀是精确匹配","duration":0.06799999999998363,"failureMessages":[],"meta":{}}],"startTime":1778114760999,"endTime":1778114761002.0703,"status":"passed","message":"","name":"D:/Mises/mbe-desktop/src/renderer/components/chat/WorkflowActionLink.test.ts"}]}